Running php-build composer
WARNING! Your password will be stored unencrypted in /home/runner/.docker/config.json.
Configure a credential helper to remove this warning. See
https://docs.docker.com/engine/reference/commandline/login/#credentials-store

Login Succeeded
Pulling docker.pkg.github.com/webdevstudios/constant-contact-forms/php-actions_composer_constant-contact-forms:php-7-build2
php-7-build2: Pulling from webdevstudios/constant-contact-forms/php-actions_composer_constant-contact-forms
540db60ca938: Pulling fs layer
933cf2f4a68f: Pulling fs layer
93c5cc202a60: Pulling fs layer
74403c16157d: Pulling fs layer
3ec3ea2589bd: Pulling fs layer
506c26a1a3fd: Pulling fs layer
1884ed429bfb: Pulling fs layer
0426bea1cb5c: Pulling fs layer
07191f3eab51: Pulling fs layer
8fd13b5c155d: Pulling fs layer
74403c16157d: Waiting
3ec3ea2589bd: Waiting
0426bea1cb5c: Waiting
07191f3eab51: Waiting
506c26a1a3fd: Waiting
8fd13b5c155d: Waiting
1884ed429bfb: Waiting
93c5cc202a60: Verifying Checksum
93c5cc202a60: Download complete
540db60ca938: Download complete
933cf2f4a68f: Verifying Checksum
933cf2f4a68f: Download complete
540db60ca938: Pull complete
933cf2f4a68f: Pull complete
74403c16157d: Verifying Checksum
74403c16157d: Download complete
506c26a1a3fd: Verifying Checksum
506c26a1a3fd: Download complete
93c5cc202a60: Pull complete
74403c16157d: Pull complete
3ec3ea2589bd: Verifying Checksum
3ec3ea2589bd: Download complete
3ec3ea2589bd: Pull complete
506c26a1a3fd: Pull complete
0426bea1cb5c: Verifying Checksum
0426bea1cb5c: Download complete
1884ed429bfb: Verifying Checksum
1884ed429bfb: Download complete
07191f3eab51: Verifying Checksum
07191f3eab51: Download complete
8fd13b5c155d: Verifying Checksum
8fd13b5c155d: Download complete
1884ed429bfb: Pull complete
0426bea1cb5c: Pull complete
07191f3eab51: Pull complete
8fd13b5c155d: Pull complete
Digest: sha256:217788f1d9294aaf80f757ff7f0addbece6f4f805229b1ec38b4f5ff2d1857bf
Status: Downloaded newer image for docker.pkg.github.com/webdevstudios/constant-contact-forms/php-actions_composer_constant-contact-forms:php-7-build2
docker.pkg.github.com/webdevstudios/constant-contact-forms/php-actions_composer_constant-contact-forms:php-7-build2
Docker tag: docker.pkg.github.com/webdevstudios/constant-contact-forms/php-actions_composer_constant-contact-forms:php-7-build2
No private keys supplied
Command: composer install --no-progress --no-interaction --no-dev
